[debug] [2021-05-27T20:31:42.449Z] ----------------------------------------------------------------------
[debug] [2021-05-27T20:31:42.450Z] Command:       /home/juancamilo/.nvm/versions/node/v15.10.0/bin/node /home/juancamilo/.nvm/versions/node/v15.10.0/bin/firebase init
[debug] [2021-05-27T20:31:42.450Z] CLI Version:   9.12.0
[debug] [2021-05-27T20:31:42.450Z] Platform:      linux
[debug] [2021-05-27T20:31:42.450Z] Node Version:  v15.10.0
[debug] [2021-05-27T20:31:42.451Z] Time:          Thu May 27 2021 15:31:42 GMT-0500 (Colombia Standard Time)
[debug] [2021-05-27T20:31:42.451Z] ----------------------------------------------------------------------
[debug] 
[debug] [2021-05-27T20:31:42.454Z] > command requires scopes: ["email","openid","https://www.googleapis.com/auth/cloudplatformprojects.readonly","https://www.googleapis.com/auth/firebase","https://www.googleapis.com/auth/cloud-platform"]
[debug] [2021-05-27T20:31:42.454Z] > authorizing via signed-in user (juancamilomorenog@gmail.com)
[info] 
     ######## #### ########  ######## ########     ###     ######  ########
     ##        ##  ##     ## ##       ##     ##  ##   ##  ##       ##
     ######    ##  ########  ######   ########  #########  ######  ######
     ##        ##  ##    ##  ##       ##     ## ##     ##       ## ##
     ##       #### ##     ## ######## ########  ##     ##  ######  ########

You're about to initialize a Firebase project in this directory:

  /home/juancamilo/projects/crud-products-react

[info] 
=== Project Setup
[info] 
[info] First, let's associate this project directory with a Firebase project.
[info] You can create multiple project aliases by running firebase use --add, 
[info] but for now we'll just set up a default project.
[info] 
[debug] [2021-05-27T20:35:42.575Z] >>> [apiv2][query] GET https://firebase.googleapis.com/v1beta1/projects pageSize=100
[debug] [2021-05-27T20:35:42.941Z] <<< [apiv2][status] GET https://firebase.googleapis.com/v1beta1/projects 200
[debug] [2021-05-27T20:35:42.942Z] <<< [apiv2][body] GET https://firebase.googleapis.com/v1beta1/projects [omitted]
[info] i  Using project crud-products-react (Crud-Products-React) 
[info] 
=== Hosting Setup
[info] 
[info] Your public directory is the folder (relative to your project directory) that
[info] will contain Hosting assets to be uploaded with firebase deploy. If you
[info] have a build process for your assets, use your build's output directory.
[info] 
[debug] [2021-05-27T20:36:06.420Z] >>> [apiv2][query] GET https://www.gstatic.com/firebasejs/releases.json [none]
[debug] [2021-05-27T20:36:06.603Z] <<< [apiv2][status] GET https://www.gstatic.com/firebasejs/releases.json 200
[debug] [2021-05-27T20:36:06.603Z] <<< [apiv2][body] GET https://www.gstatic.com/firebasejs/releases.json {"current":{"version":"8.6.2","browserURL":"https://www.gstatic.com/firebasejs/8.6.2/firebase.js","packageURL":"https://www.gstatic.com/firebasejs/8.6.2/firebase.tgz"},"live":{"version":"8.6","browserURL":"https://www.gstatic.com/firebasejs/live/8.6/firebase.js","packageURL":"https://www.gstatic.com/firebasejs/live/8.6/firebase.tgz"},"components":{"analytics":"https://www.gstatic.com/firebasejs/8.6.2/firebase-analytics.js","app":"https://www.gstatic.com/firebasejs/8.6.2/firebase-app.js","app-check":"https://www.gstatic.com/firebasejs/8.6.2/firebase-app-check.js","auth":"https://www.gstatic.com/firebasejs/8.6.2/firebase-auth.js","database":"https://www.gstatic.com/firebasejs/8.6.2/firebase-database.js","firestore":"https://www.gstatic.com/firebasejs/8.6.2/firebase-firestore.js","functions":"https://www.gstatic.com/firebasejs/8.6.2/firebase-functions.js","installations":"https://www.gstatic.com/firebasejs/8.6.2/firebase-installations.js","messaging":"https://www.gstatic.com/firebasejs/8.6.2/firebase-messaging.js","storage":"https://www.gstatic.com/firebasejs/8.6.2/firebase-storage.js","performance":"https://www.gstatic.com/firebasejs/8.6.2/firebase-performance.js","remote-config":"https://www.gstatic.com/firebasejs/8.6.2/firebase-remote-config.js","firestore.memory":"https://www.gstatic.com/firebasejs/8.6.2/firebase-firestore.memory.js"}}
[info] ✔  Wrote y/index.html 
[info] 
[info] i  Detected a .git folder at /home/juancamilo/projects/crud-products-react 
[info] i  Authorizing with GitHub to upload your service account to a GitHub repository's secrets store. 
[info] 
[info] Visit this URL on this device to log in:
[info] https://github.com/login/oauth/authorize?client_id=89cf50f02ac6aaed3484&state=525615602&redirect_uri=http%3A%2F%2Flocalhost%3A9005&scope=read%3Auser%20repo%20public_repo
[info] 
[info] Waiting for authentication...
[debug] [2021-05-27T20:36:21.920Z] >>> HTTP REQUEST POST https://github.com/login/oauth/access_token  
 {"client_id":"89cf50f02ac6aaed3484","client_secret":"3330d14abc895d9a74d5f17cd7a00711fa2c5bf0","code":"e8693d50868a57fe02ca","redirect_uri":"http://localhost:9005","state":"525615602"}
[debug] [2021-05-27T20:36:22.328Z] <<< HTTP RESPONSE 200 {"server":"GitHub.com","date":"Thu, 27 May 2021 20:36:20 GMT","content-type":"application/json; charset=utf-8","transfer-encoding":"chunked","vary":"X-PJAX, Accept-Encoding, Accept, X-Requested-With","permissions-policy":"interest-cohort=()","etag":"W/\"9f72c3fe4fbe56d3653b433542b0ea4c\"","cache-control":"max-age=0, private, must-revalidate","strict-transport-security":"max-age=31536000; includeSubdomains; preload","x-frame-options":"deny","x-content-type-options":"nosniff","x-xss-protection":"0","referrer-policy":"origin-when-cross-origin, strict-origin-when-cross-origin","expect-ct":"max-age=2592000, report-uri=\"https://api.github.com/_private/browser/errors\"","content-security-policy":"default-src 'none'; base-uri 'self'; block-all-mixed-content; connect-src 'self' uploads.github.com www.githubstatus.com collector.githubapp.com api.github.com github-cloud.s3.amazonaws.com github-production-repository-file-5c1aeb.s3.amazonaws.com github-production-upload-manifest-file-7fdce7.s3.amazonaws.com github-production-user-asset-6210df.s3.amazonaws.com html-translator.herokuapp.com cdn.optimizely.com logx.optimizely.com/v1/events wss://alive.github.com; font-src github.githubassets.com; form-action 'self' github.com gist.github.com; frame-ancestors 'none'; frame-src render.githubusercontent.com; img-src 'self' data: github.githubassets.com identicons.github.com collector.githubapp.com github-cloud.s3.amazonaws.com secured-user-images.githubusercontent.com/ *.githubusercontent.com; manifest-src 'self'; media-src 'none'; script-src github.githubassets.com; style-src 'unsafe-inline' github.githubassets.com; worker-src github.com/socket-worker-3f088aa2.js gist.github.com/socket-worker-3f088aa2.js","x-github-request-id":"E776:15B4:1AE46F:2C74DD:60B002C4"}
[debug] [2021-05-27T20:36:22.330Z] >>> [apiv2][query] GET https://api.github.com/user [none]
[debug] [2021-05-27T20:36:22.767Z] <<< [apiv2][status] GET https://api.github.com/user 200
[debug] [2021-05-27T20:36:22.768Z] <<< [apiv2][body] GET https://api.github.com/user {"login":"JuanCamiloM21","id":54151922,"node_id":"MDQ6VXNlcjU0MTUxOTIy","avatar_url":"https://avatars.githubusercontent.com/u/54151922?v=4","gravatar_id":"","url":"https://api.github.com/users/JuanCamiloM21","html_url":"https://github.com/JuanCamiloM21","followers_url":"https://api.github.com/users/JuanCamiloM21/followers","following_url":"https://api.github.com/users/JuanCamiloM21/following{/other_user}","gists_url":"https://api.github.com/users/JuanCamiloM21/gists{/gist_id}","starred_url":"https://api.github.com/users/JuanCamiloM21/starred{/owner}{/repo}","subscriptions_url":"https://api.github.com/users/JuanCamiloM21/subscriptions","organizations_url":"https://api.github.com/users/JuanCamiloM21/orgs","repos_url":"https://api.github.com/users/JuanCamiloM21/repos","events_url":"https://api.github.com/users/JuanCamiloM21/events{/privacy}","received_events_url":"https://api.github.com/users/JuanCamiloM21/received_events","type":"User","site_admin":false,"name":"Juan Camilo Moreno","company":null,"blog":"","location":"Manizales, Colombia","email":"juancamilomg21@gmail.com","hireable":null,"bio":"Desarrollador web | Platzi Master | Futbolista, amante de la tecnología y apasionado de aprender cosas nuevas todos los días!","twitter_username":"JuanCamiloM21","public_repos":23,"public_gists":2,"followers":25,"following":7,"created_at":"2019-08-15T17:53:13Z","updated_at":"2021-05-27T20:36:19Z","private_gists":1,"total_private_repos":2,"owned_private_repos":2,"disk_usage":40005,"collaborators":0,"two_factor_authentication":false,"plan":{"name":"free","space":976562499,"collaborators":0,"private_repos":10000}}
[info] 
[info] ✔  Success! Logged into GitHub as JuanCamiloM21 
[info] 
[debug] [2021-05-27T20:36:47.380Z] >>> [apiv2][query] GET https://api.github.com/repos/y/actions/secrets/public-key type=owner
[debug] [2021-05-27T20:36:47.783Z] <<< [apiv2][status] GET https://api.github.com/repos/y/actions/secrets/public-key 404
[debug] [2021-05-27T20:36:47.783Z] <<< [apiv2][body] GET https://api.github.com/repos/y/actions/secrets/public-key {"message":"Not Found","documentation_url":"https://docs.github.com/rest"}
[debug] [2021-05-27T20:36:54.411Z] >>> [apiv2][query] GET https://api.github.com/repos//actions/secrets/public-key type=owner
[debug] [2021-05-27T20:36:54.758Z] <<< [apiv2][status] GET https://api.github.com/repos//actions/secrets/public-key 404
[debug] [2021-05-27T20:36:54.758Z] <<< [apiv2][body] GET https://api.github.com/repos//actions/secrets/public-key {"message":"Not Found","documentation_url":"https://docs.github.com/rest"}
[debug] [2021-05-27T20:36:56.651Z] >>> [apiv2][query] GET https://api.github.com/repos/yes/actions/secrets/public-key type=owner
[debug] [2021-05-27T20:36:57.042Z] <<< [apiv2][status] GET https://api.github.com/repos/yes/actions/secrets/public-key 404
[debug] [2021-05-27T20:36:57.042Z] <<< [apiv2][body] GET https://api.github.com/repos/yes/actions/secrets/public-key {"message":"Not Found","documentation_url":"https://docs.github.com/rest"}
[debug] [2021-05-27T20:36:58.636Z] >>> [apiv2][query] GET https://api.github.com/repos/y/actions/secrets/public-key type=owner
[debug] [2021-05-27T20:36:59.048Z] <<< [apiv2][status] GET https://api.github.com/repos/y/actions/secrets/public-key 404
[debug] [2021-05-27T20:36:59.049Z] <<< [apiv2][body] GET https://api.github.com/repos/y/actions/secrets/public-key {"message":"Not Found","documentation_url":"https://docs.github.com/rest"}
[debug] [2021-05-27T20:37:00.140Z] >>> [apiv2][query] GET https://api.github.com/repos/n/actions/secrets/public-key type=owner
[debug] [2021-05-27T20:37:00.499Z] <<< [apiv2][status] GET https://api.github.com/repos/n/actions/secrets/public-key 404
[debug] [2021-05-27T20:37:00.499Z] <<< [apiv2][body] GET https://api.github.com/repos/n/actions/secrets/public-key {"message":"Not Found","documentation_url":"https://docs.github.com/rest"}
